<?xml version="1.0" encoding="UTF-8"?>
<!-- Generated by org.testng.reporters.JUnitReportReporter -->
<testsuite skipped="0" hostname="LAPTOP-VJJTB407" name="qaclickacademy.RESTAPITest" tests="2" failures="0" timestamp="20 Jan 2022 09:51:27 GMT" time="0.000" errors="0">
  <testcase name="PostJira" time="0.000" classname="qaclickacademy.RESTAPITest"/>
  <testcase name="deleteTwitter" time="0.000" classname="qaclickacademy.RESTAPITest"/>
</testsuite> <!-- qaclickacademy.RESTAPITest -->
